2026-04-15 20:29:40,370 - PMO_Engine - INFO - 🚀 PMO AUTOMATION ENGINE STARTED
2026-04-15 20:29:40,370 - PMO_Engine - INFO - Start Time: 2026-04-15 20:29:40
2026-04-15 20:29:40,370 - PMO_Engine - INFO - 🔍 Validating environment...
2026-04-15 20:29:40,370 - PMO_Engine - INFO - ✅ Environment validation passed
2026-04-15 20:29:42,535 - PMO_Engine - INFO - 
======================================================================
2026-04-15 20:29:42,536 - PMO_Engine - INFO - 🚀 STARTING FULL PMO ANALYSIS
2026-04-15 20:29:42,536 - PMO_Engine - INFO - ======================================================================
2026-04-15 20:29:42,536 - PMO_Engine - INFO - 📊 Checking data sources...
2026-04-15 20:29:42,536 - PMO_Engine - INFO -   ✅ Found: projects.csv
2026-04-15 20:29:42,539 - PMO_Engine - INFO -   ✅ Found: project_status.csv
2026-04-15 20:29:42,539 - PMO_Engine - INFO -   ✅ Found: dados_pmo_segunda.csv
2026-04-15 20:29:42,539 - PMO_Engine - INFO - ✅ Data validation passed (3 sources found)
2026-04-15 20:29:47,716 - PMO_Engine - ERROR - ❌ Failed to import PMO engine: cannot import name 'main' from 'Data_Auditor_project_status_using_Groupby' (c:\Users\daniq\Carrer\Scripts\Analysis\Data_Auditor_project_status_using_Groupby.py)
2026-04-15 20:31:04,222 - PMO_Engine - INFO - 
======================================================================
2026-04-15 20:31:04,222 - PMO_Engine - INFO - 🚀 STARTING FULL PMO ANALYSIS
2026-04-15 20:31:04,222 - PMO_Engine - INFO - ======================================================================
2026-04-15 20:31:04,222 - PMO_Engine - INFO - 📊 Checking data sources...
2026-04-15 20:31:04,222 - PMO_Engine - INFO -   ✅ Found: projects.csv
2026-04-15 20:31:04,222 - PMO_Engine - INFO -   ✅ Found: project_status.csv
2026-04-15 20:31:04,222 - PMO_Engine - INFO -   ✅ Found: dados_pmo_segunda.csv
2026-04-15 20:31:04,222 - PMO_Engine - INFO - ✅ Data validation passed (3 sources found)
2026-04-15 20:31:04,222 - PMO_Engine - ERROR - ❌ Failed to import PMO engine: cannot import name 'main' from 'Data_Auditor_project_status_using_Groupby' (c:\Users\daniq\Carrer\Scripts\Analysis\Data_Auditor_project_status_using_Groupby.py)
2026-04-15 20:31:13,956 - PMO_Engine - INFO - 👋 Shutting down PMO Engine...
2026-04-15 20:31:13,956 - PMO_Engine - INFO - End Time: 2026-04-15 20:31:13
