2026-04-15 22:47:18,787 - PMO_Engine - INFO - 🚀 PMO AUTOMATION ENGINE STARTED
2026-04-15 22:47:18,787 - PMO_Engine - INFO - Start Time: 2026-04-15 22:47:18
2026-04-15 22:47:18,787 - PMO_Engine - INFO - 🔍 Validating environment...
2026-04-15 22:47:18,795 - PMO_Engine - INFO - ✅ Environment validation passed
2026-04-15 22:47:28,732 - PMO_Engine - INFO - ⚠️ STARTING DEPARTMENT ALERTS (V1.1)
2026-04-15 22:47:29,820 - PMO_Engine - ERROR - ❌ Unexpected error: 'Horas_Reportadas'
Traceback (most recent call last):
  File "C:\Users\daniq\AppData\Local\Packages\PythonSoftwareFoundation.Python.3.12_qbz5n2kfra8p0\LocalCache\local-packages\Python312\site-packages\pandas\core\indexes\base.py", line 3641, in get_loc
    return self._engine.get_loc(casted_key)
           ^^^^^^^^^^^^^^^^^^^^^^^^^^^^^^^^
  File "pandas/_libs/index.pyx", line 168, in pandas._libs.index.IndexEngine.get_loc
  File "pandas/_libs/index.pyx", line 197, in pandas._libs.index.IndexEngine.get_loc
  File "pandas/_libs/hashtable_class_helper.pxi", line 7668, in pandas._libs.hashtable.PyObjectHashTable.get_item
  File "pandas/_libs/hashtable_class_helper.pxi", line 7676, in pandas._libs.hashtable.PyObjectHashTable.get_item
KeyError: 'Horas_Reportadas'

The above exception was the direct cause of the following exception:

Traceback (most recent call last):
  File "c:\Users\daniq\Carrer\main.py", line 487, in main
    Run_department_alerts()
  File "c:\Users\daniq\Carrer\main.py", line 440, in Run_department_alerts
    from PMO_Visualizer_V2_4 import run_data_engineering_pipeline  as run_alerts
  File "c:\Users\daniq\Carrer\Scripts\Analysis\PMO_Visualizer_V2_4.py", line 231, in <module>
    run_data_engineering_pipeline()
  File "c:\Users\daniq\Carrer\Scripts\Analysis\PMO_Visualizer_V2_4.py", line 201, in run_data_engineering_pipeline
    df['Horas_Limpas'] = df['Horas_Reportadas'].astype(str).str.replace(r'[^0-9.]', '', regex=True)
                         ~~^^^^^^^^^^^^^^^^^^^^
  File "C:\Users\daniq\AppData\Local\Packages\PythonSoftwareFoundation.Python.3.12_qbz5n2kfra8p0\LocalCache\local-packages\Python312\site-packages\pandas\core\frame.py", line 4378, in __getitem__
    indexer = self.columns.get_loc(key)
              ^^^^^^^^^^^^^^^^^^^^^^^^^
  File "C:\Users\daniq\AppData\Local\Packages\PythonSoftwareFoundation.Python.3.12_qbz5n2kfra8p0\LocalCache\local-packages\Python312\site-packages\pandas\core\indexes\base.py", line 3648, in get_loc
    raise KeyError(key) from err
KeyError: 'Horas_Reportadas'
2026-04-15 23:14:25,967 - PMO_Engine - INFO - 👋 Shutting down PMO Engine...
2026-04-15 23:14:25,979 - PMO_Engine - INFO - End Time: 2026-04-15 23:14:25
