2026-04-15 21:36:57,496 - PMO_Engine - INFO - 🚀 PMO AUTOMATION ENGINE STARTED
2026-04-15 21:36:57,496 - PMO_Engine - INFO - Start Time: 2026-04-15 21:36:57
2026-04-15 21:36:57,496 - PMO_Engine - INFO - 🔍 Validating environment...
2026-04-15 21:36:57,496 - PMO_Engine - INFO - ✅ Environment validation passed
2026-04-15 21:36:59,332 - PMO_Engine - ERROR - ❌ Unexpected error: name 'department_alerts_escalation' is not defined
Traceback (most recent call last):
  File "c:\Users\daniq\Carrer\main.py", line 464, in main
    department_alerts_escalation()
    ^^^^^^^^^^^^^^^^^^^^^^^^^^^^
NameError: name 'department_alerts_escalation' is not defined
2026-04-15 21:37:11,026 - PMO_Engine - INFO - 
======================================================================
2026-04-15 21:37:11,047 - PMO_Engine - INFO - 📊 GENERATING VISUALIZATIONS
2026-04-15 21:37:11,065 - PMO_Engine - INFO - ======================================================================
2026-04-15 21:37:11,067 - PMO_Engine - INFO - 📊 Checking data sources...
2026-04-15 21:37:11,067 - PMO_Engine - INFO -   ✅ Found: projects.csv
2026-04-15 21:37:11,068 - PMO_Engine - INFO -   ✅ Found: project_status.csv
2026-04-15 21:37:11,069 - PMO_Engine - INFO -   ✅ Found: dados_pmo_segunda.csv
2026-04-15 21:37:11,069 - PMO_Engine - INFO - ✅ Data validation passed (3 sources found)
2026-04-15 21:37:12,500 - PMO_Engine - INFO - Using PMO Visualizer v2.4...
2026-04-15 21:37:12,500 - PMO_Engine - INFO - 📈 Creating visualization dashboards...
2026-04-15 21:37:15,156 - PMO_Engine - INFO - ✅ Visualization generation completed
2026-04-15 21:37:15,156 - PMO_Engine - INFO - ======================================================================

2026-04-15 21:37:17,706 - PMO_Engine - INFO - 🛡️ STARTING STRATEGIC RISK MITIGATION (V1.5)
2026-04-15 21:37:17,708 - PMO_Engine - ERROR - ❌ Script 'PMO AI Architecture (V1.5).py' not found in path.
2026-04-15 21:38:02,971 - PMO_Engine - INFO - 👋 Shutting down PMO Engine...
2026-04-15 21:38:02,972 - PMO_Engine - INFO - End Time: 2026-04-15 21:38:02
