2026-04-15 21:15:14,844 - PMO_Engine - INFO - 🚀 PMO AUTOMATION ENGINE STARTED
2026-04-15 21:15:14,844 - PMO_Engine - INFO - Start Time: 2026-04-15 21:15:14
2026-04-15 21:15:14,844 - PMO_Engine - INFO - 🔍 Validating environment...
2026-04-15 21:15:14,844 - PMO_Engine - INFO - ✅ Environment validation passed
2026-04-15 21:15:16,904 - PMO_Engine - INFO - 
======================================================================
2026-04-15 21:15:16,904 - PMO_Engine - INFO - 📊 GENERATING VISUALIZATIONS
2026-04-15 21:15:16,904 - PMO_Engine - INFO - ======================================================================
2026-04-15 21:15:16,914 - PMO_Engine - INFO - 📊 Checking data sources...
2026-04-15 21:15:16,914 - PMO_Engine - INFO -   ✅ Found: projects.csv
2026-04-15 21:15:16,914 - PMO_Engine - INFO -   ✅ Found: project_status.csv
2026-04-15 21:15:16,918 - PMO_Engine - INFO -   ✅ Found: dados_pmo_segunda.csv
2026-04-15 21:15:16,918 - PMO_Engine - INFO - ✅ Data validation passed (3 sources found)
2026-04-15 21:15:17,837 - PMO_Engine - INFO - Using PMO Visualizer v2.4...
2026-04-15 21:15:17,837 - PMO_Engine - INFO - 📈 Creating visualization dashboards...
2026-04-15 21:15:17,837 - PMO_Engine - ERROR - ❌ Error during visualization: 'str' object has no attribute 'keys'
Traceback (most recent call last):
  File "c:\Users\daniq\Carrer\main.py", line 292, in generate_visualizations
    visualizer_main("projects.csv","Data/Output/budget_distribution.png")
  File "c:\Users\daniq\Carrer\Scripts\Utils\bar_graph_file.py", line 36, in generate_budget_chart
    departments = list(data.keys())
                       ^^^^^^^^^
AttributeError: 'str' object has no attribute 'keys'
2026-04-15 21:21:06,419 - PMO_Engine - INFO - 👋 Shutting down PMO Engine...
2026-04-15 21:21:06,419 - PMO_Engine - INFO - End Time: 2026-04-15 21:21:06
