2026-04-15 21:25:50,696 - PMO_Engine - INFO - 🚀 PMO AUTOMATION ENGINE STARTED
2026-04-15 21:25:50,696 - PMO_Engine - INFO - Start Time: 2026-04-15 21:25:50
2026-04-15 21:25:50,696 - PMO_Engine - INFO - 🔍 Validating environment...
2026-04-15 21:25:50,696 - PMO_Engine - INFO - ✅ Environment validation passed
2026-04-15 21:25:55,524 - PMO_Engine - INFO - 
======================================================================
2026-04-15 21:25:55,524 - PMO_Engine - INFO - 📊 GENERATING VISUALIZATIONS
2026-04-15 21:25:55,524 - PMO_Engine - INFO - ======================================================================
2026-04-15 21:25:55,524 - PMO_Engine - INFO - 📊 Checking data sources...
2026-04-15 21:25:55,524 - PMO_Engine - INFO -   ✅ Found: projects.csv
2026-04-15 21:25:55,524 - PMO_Engine - INFO -   ✅ Found: project_status.csv
2026-04-15 21:25:55,524 - PMO_Engine - INFO -   ✅ Found: dados_pmo_segunda.csv
2026-04-15 21:25:55,537 - PMO_Engine - INFO - ✅ Data validation passed (3 sources found)
2026-04-15 21:25:55,537 - PMO_Engine - ERROR - ❌ Error during visualization: name 'df' is not defined
Traceback (most recent call last):
  File "c:\Users\daniq\Carrer\main.py", line 280, in generate_visualizations
    dept_summary = df.groupby('Department')['Budget'].sum().to_dict()
                   ^^
NameError: name 'df' is not defined
2026-04-15 21:28:09,458 - PMO_Engine - INFO - 👋 Shutting down PMO Engine...
2026-04-15 21:28:09,460 - PMO_Engine - INFO - End Time: 2026-04-15 21:28:09
