2026-04-15 20:17:00,989 - PMO_Engine - INFO - 🚀 PMO AUTOMATION ENGINE STARTED
2026-04-15 20:17:00,989 - PMO_Engine - INFO - Start Time: 2026-04-15 20:17:00
2026-04-15 20:17:00,989 - PMO_Engine - INFO - 🔍 Validating environment...
2026-04-15 20:17:00,998 - PMO_Engine - INFO - ✅ Environment validation passed
2026-04-15 20:17:03,334 - PMO_Engine - INFO - 
======================================================================
2026-04-15 20:17:03,334 - PMO_Engine - INFO - 📂 RECENT REPORTS & FILES
2026-04-15 20:17:03,334 - PMO_Engine - INFO - ======================================================================
2026-04-15 20:17:03,334 - PMO_Engine - INFO - 
📋 Audit Reports:
2026-04-15 20:17:03,334 - PMO_Engine - INFO -   1. audit_report_2026-04-14_21-35.txt (707 bytes) - 2026-04-14 21:35
2026-04-15 20:17:03,341 - PMO_Engine - INFO -   2. audit_report_2026-04-14_21-33.txt (768 bytes) - 2026-04-14 21:33
2026-04-15 20:17:03,341 - PMO_Engine - INFO -   3. audit_report_2026-04-14_21-31.txt (757 bytes) - 2026-04-14 21:31
2026-04-15 20:17:03,341 - PMO_Engine - INFO -   4. audit_report_2026-04-14_21-26.txt (758 bytes) - 2026-04-14 21:26
2026-04-15 20:17:03,341 - PMO_Engine - INFO -   5. audit_report_2026-04-14_21-25.txt (732 bytes) - 2026-04-14 21:25
2026-04-15 20:17:03,341 - PMO_Engine - INFO -   6. audit_report_2026-04-14_21-23.txt (669 bytes) - 2026-04-14 21:23
2026-04-15 20:17:03,341 - PMO_Engine - INFO -   7. audit_report_2026-04-14_21-21.txt (755 bytes) - 2026-04-14 21:21
2026-04-15 20:17:03,341 - PMO_Engine - INFO -   8. audit_report_2026-04-14_21-18.txt (770 bytes) - 2026-04-14 21:18
2026-04-15 20:17:03,341 - PMO_Engine - INFO -   9. audit_report_2026-04-14_21-16.txt (769 bytes) - 2026-04-14 21:16
2026-04-15 20:17:03,341 - PMO_Engine - INFO -   10. audit_report_2026-04-14_21-11.txt (762 bytes) - 2026-04-14 21:11
2026-04-15 20:17:03,341 - PMO_Engine - INFO - 
📊 Visualizations:
2026-04-15 20:17:03,349 - PMO_Engine - INFO -   1. pmo_report_friday.png (121059 bytes) - 2026-03-05 12:15
2026-04-15 20:17:03,350 - PMO_Engine - INFO -   2. pmo_report_final_week2.png (26114 bytes) - 2026-03-05 22:57
2026-04-15 20:17:03,350 - PMO_Engine - INFO -   3. PMO_Cosolidated_Engine_output.png (84903 bytes) - 2026-04-10 07:01
2026-04-15 20:17:03,350 - PMO_Engine - INFO -   4. pmo_chart_test2.png (12712 bytes) - 2026-03-05 11:30
2026-04-15 20:17:03,353 - PMO_Engine - INFO -   5. pmo_chart_test.png (2398 bytes) - 2026-03-04 09:13
2026-04-15 20:17:03,353 - PMO_Engine - INFO -   6. pmo_chart.png (2398 bytes) - 2026-03-04 20:27
2026-04-15 20:17:03,353 - PMO_Engine - INFO -   7. gasto_departamento.png (2398 bytes) - 2026-03-10 08:10
2026-04-15 20:17:03,353 - PMO_Engine - INFO -   8. dept_summary_chart.png (28994 bytes) - 2026-04-13 09:48
2026-04-15 20:17:03,353 - PMO_Engine - INFO -   9. dashboard_trabalho_project.png (42464 bytes) - 2026-03-07 06:07
2026-04-15 20:17:03,353 - PMO_Engine - INFO -   10. dashboard_trabalho_project (2).png (42464 bytes) - 2026-03-07 07:22
2026-04-15 20:17:03,353 - PMO_Engine - INFO - 
📝 Recent Logs:
2026-04-15 20:17:03,358 - PMO_Engine - INFO -   1. pmo_report2.log (7607 bytes) - 2026-03-28 16:11
2026-04-15 20:17:03,358 - PMO_Engine - INFO -   2. pmo_production2.log (551 bytes) - 2026-03-20 11:02
2026-04-15 20:17:03,358 - PMO_Engine - INFO -   3. pmo_pipeline2.log (1052 bytes) - 2026-03-13 13:10
2026-04-15 20:17:03,358 - PMO_Engine - INFO -   4. pmo_audit.log (25763 bytes) - 2026-04-14 21:35
2026-04-15 20:17:03,358 - PMO_Engine - INFO -   5. main_20260415_201700.log (3511 bytes) - 2026-04-15 20:17
2026-04-15 20:17:03,361 - PMO_Engine - INFO - ======================================================================

2026-04-15 20:17:15,814 - PMO_Engine - INFO - 
======================================================================
2026-04-15 20:17:15,814 - PMO_Engine - INFO - 🚀 STARTING FULL PMO ANALYSIS
2026-04-15 20:17:15,814 - PMO_Engine - INFO - ======================================================================
2026-04-15 20:17:15,814 - PMO_Engine - INFO - 📊 Checking data sources...
2026-04-15 20:17:15,814 - PMO_Engine - INFO -   ✅ Found: projects.csv
2026-04-15 20:17:15,814 - PMO_Engine - INFO -   ✅ Found: project_status.csv
2026-04-15 20:17:15,814 - PMO_Engine - INFO -   ✅ Found: dados_pmo_segunda.csv
2026-04-15 20:17:15,814 - PMO_Engine - INFO - ✅ Data validation passed (3 sources found)
2026-04-15 20:17:15,835 - PMO_Engine - ERROR - ❌ Failed to import PMO engine: No module named 'PMO_Consolidated_Engine_v1_5'
2026-04-15 20:17:22,662 - PMO_Engine - INFO - 👋 Shutting down PMO Engine...
2026-04-15 20:17:22,662 - PMO_Engine - INFO - End Time: 2026-04-15 20:17:22
