2026-04-15 20:57:21,165 - PMO_Engine - INFO - 🚀 PMO AUTOMATION ENGINE STARTED
2026-04-15 20:57:21,165 - PMO_Engine - INFO - Start Time: 2026-04-15 20:57:21
2026-04-15 20:57:21,165 - PMO_Engine - INFO - 🔍 Validating environment...
2026-04-15 20:57:21,165 - PMO_Engine - INFO - ✅ Environment validation passed
2026-04-15 20:57:30,213 - PMO_Engine - INFO - 🛡️ STARTING STRATEGIC RISK MITIGATION (V1.5)
2026-04-15 20:57:31,214 - PMO_Engine - ERROR - ❌ Script 'PMO AI Architecture (V1.5).py' not found in path.
2026-04-15 20:59:16,881 - PMO_Engine - ERROR - ❌ Unexpected error: name 'department_alerts_escalation' is not defined
Traceback (most recent call last):
  File "c:\Users\daniq\Carrer\main.py", line 457, in main
    department_alerts_escalation()
    ^^^^^^^^^^^^^^^^^^^^^^^^^^^^
NameError: name 'department_alerts_escalation' is not defined
2026-04-15 21:01:49,291 - PMO_Engine - INFO - 
======================================================================
2026-04-15 21:01:49,291 - PMO_Engine - INFO - 📊 GENERATING VISUALIZATIONS
2026-04-15 21:01:49,291 - PMO_Engine - INFO - ======================================================================
2026-04-15 21:01:49,291 - PMO_Engine - INFO - 📊 Checking data sources...
2026-04-15 21:01:49,291 - PMO_Engine - INFO -   ✅ Found: projects.csv
2026-04-15 21:01:49,291 - PMO_Engine - INFO -   ✅ Found: project_status.csv
2026-04-15 21:01:49,300 - PMO_Engine - INFO -   ✅ Found: dados_pmo_segunda.csv
2026-04-15 21:01:49,300 - PMO_Engine - INFO - ✅ Data validation passed (3 sources found)
2026-04-15 21:01:49,310 - PMO_Engine - WARNING - Latest visualizer versions not found, using fallback...
2026-04-15 21:01:49,312 - PMO_Engine - WARNING - ⚠️ Visualizer module not available
2026-04-15 21:01:49,312 - PMO_Engine - INFO - ✅ Visualization generation completed
2026-04-15 21:01:49,312 - PMO_Engine - INFO - ======================================================================

2026-04-15 21:02:01,999 - PMO_Engine - INFO - 
======================================================================
2026-04-15 21:02:01,999 - PMO_Engine - INFO - 📂 RECENT REPORTS & FILES
2026-04-15 21:02:01,999 - PMO_Engine - INFO - ======================================================================
2026-04-15 21:02:02,002 - PMO_Engine - INFO - 
📋 Audit Reports:
2026-04-15 21:02:02,002 - PMO_Engine - INFO -   1. audit_report_2026-04-15_20-37.txt (748 bytes) - 2026-04-15 20:37
2026-04-15 21:02:02,002 - PMO_Engine - INFO -   2. audit_report_2026-04-15_20-35.txt (776 bytes) - 2026-04-15 20:35
2026-04-15 21:02:02,007 - PMO_Engine - INFO -   3. audit_report_2026-04-15_20-34.txt (714 bytes) - 2026-04-15 20:34
2026-04-15 21:02:02,007 - PMO_Engine - INFO -   4. audit_report_2026-04-15_20-33.txt (737 bytes) - 2026-04-15 20:33
2026-04-15 21:02:02,007 - PMO_Engine - INFO -   5. audit_report_2026-04-14_21-35.txt (707 bytes) - 2026-04-14 21:35
2026-04-15 21:02:02,012 - PMO_Engine - INFO -   6. audit_report_2026-04-14_21-33.txt (768 bytes) - 2026-04-14 21:33
2026-04-15 21:02:02,019 - PMO_Engine - INFO -   7. audit_report_2026-04-14_21-31.txt (757 bytes) - 2026-04-14 21:31
2026-04-15 21:02:02,019 - PMO_Engine - INFO -   8. audit_report_2026-04-14_21-26.txt (758 bytes) - 2026-04-14 21:26
2026-04-15 21:02:02,019 - PMO_Engine - INFO -   9. audit_report_2026-04-14_21-25.txt (732 bytes) - 2026-04-14 21:25
2026-04-15 21:02:02,019 - PMO_Engine - INFO -   10. audit_report_2026-04-14_21-23.txt (669 bytes) - 2026-04-14 21:23
2026-04-15 21:02:02,019 - PMO_Engine - INFO - 
📊 Visualizations:
2026-04-15 21:02:02,019 - PMO_Engine - INFO -   1. pmo_report_friday.png (121059 bytes) - 2026-03-05 12:15
2026-04-15 21:02:02,027 - PMO_Engine - INFO -   2. pmo_report_final_week2.png (26114 bytes) - 2026-03-05 22:57
2026-04-15 21:02:02,029 - PMO_Engine - INFO -   3. PMO_Cosolidated_Engine_output.png (84903 bytes) - 2026-04-10 07:01
2026-04-15 21:02:02,029 - PMO_Engine - INFO -   4. pmo_chart_test2.png (12712 bytes) - 2026-03-05 11:30
2026-04-15 21:02:02,029 - PMO_Engine - INFO -   5. pmo_chart_test.png (2398 bytes) - 2026-03-04 09:13
2026-04-15 21:02:02,029 - PMO_Engine - INFO -   6. pmo_chart.png (2398 bytes) - 2026-03-04 20:27
2026-04-15 21:02:02,035 - PMO_Engine - INFO -   7. gasto_departamento.png (2398 bytes) - 2026-03-10 08:10
2026-04-15 21:02:02,035 - PMO_Engine - INFO -   8. dept_summary_chart.png (28994 bytes) - 2026-04-13 09:48
2026-04-15 21:02:02,035 - PMO_Engine - INFO -   9. dashboard_trabalho_project.png (42464 bytes) - 2026-03-07 06:07
2026-04-15 21:02:02,035 - PMO_Engine - INFO -   10. dashboard_trabalho_project (2).png (42464 bytes) - 2026-03-07 07:22
2026-04-15 21:02:02,035 - PMO_Engine - INFO - 
📝 Recent Logs:
2026-04-15 21:02:02,035 - PMO_Engine - INFO -   1. pmo_report2.log (7607 bytes) - 2026-03-28 16:11
2026-04-15 21:02:02,044 - PMO_Engine - INFO -   2. pmo_production2.log (551 bytes) - 2026-03-20 11:02
2026-04-15 21:02:02,044 - PMO_Engine - INFO -   3. pmo_pipeline2.log (1052 bytes) - 2026-03-13 13:10
2026-04-15 21:02:02,045 - PMO_Engine - INFO -   4. pmo_audit.log (25763 bytes) - 2026-04-14 21:35
2026-04-15 21:02:02,045 - PMO_Engine - INFO -   5. main_20260415_205721.log (5187 bytes) - 2026-04-15 21:02
2026-04-15 21:02:02,045 - PMO_Engine - INFO - ======================================================================

2026-04-15 21:03:10,709 - PMO_Engine - INFO - 
======================================================================
2026-04-15 21:03:10,709 - PMO_Engine - INFO - 📊 GENERATING VISUALIZATIONS
2026-04-15 21:03:10,709 - PMO_Engine - INFO - ======================================================================
2026-04-15 21:03:10,709 - PMO_Engine - INFO - 📊 Checking data sources...
2026-04-15 21:03:10,709 - PMO_Engine - INFO -   ✅ Found: projects.csv
2026-04-15 21:03:10,709 - PMO_Engine - INFO -   ✅ Found: project_status.csv
2026-04-15 21:03:10,709 - PMO_Engine - INFO -   ✅ Found: dados_pmo_segunda.csv
2026-04-15 21:03:10,709 - PMO_Engine - INFO - ✅ Data validation passed (3 sources found)
2026-04-15 21:03:10,709 - PMO_Engine - WARNING - Latest visualizer versions not found, using fallback...
2026-04-15 21:03:10,709 - PMO_Engine - WARNING - ⚠️ Visualizer module not available
2026-04-15 21:03:10,709 - PMO_Engine - INFO - ✅ Visualization generation completed
2026-04-15 21:03:10,709 - PMO_Engine - INFO - ======================================================================

2026-04-15 21:03:48,650 - PMO_Engine - INFO - 
======================================================================
2026-04-15 21:03:48,654 - PMO_Engine - INFO - 📊 GENERATING VISUALIZATIONS
2026-04-15 21:03:48,654 - PMO_Engine - INFO - ======================================================================
2026-04-15 21:03:48,654 - PMO_Engine - INFO - 📊 Checking data sources...
2026-04-15 21:03:48,654 - PMO_Engine - INFO -   ✅ Found: projects.csv
2026-04-15 21:03:48,654 - PMO_Engine - INFO -   ✅ Found: project_status.csv
2026-04-15 21:03:48,658 - PMO_Engine - INFO -   ✅ Found: dados_pmo_segunda.csv
2026-04-15 21:03:48,658 - PMO_Engine - INFO - ✅ Data validation passed (3 sources found)
2026-04-15 21:03:48,661 - PMO_Engine - WARNING - Latest visualizer versions not found, using fallback...
2026-04-15 21:03:48,661 - PMO_Engine - WARNING - ⚠️ Visualizer module not available
2026-04-15 21:03:48,667 - PMO_Engine - INFO - ✅ Visualization generation completed
2026-04-15 21:03:48,667 - PMO_Engine - INFO - ======================================================================

2026-04-15 21:05:31,012 - PMO_Engine - INFO - 
======================================================================
2026-04-15 21:05:31,012 - PMO_Engine - INFO - 📊 GENERATING VISUALIZATIONS
2026-04-15 21:05:31,012 - PMO_Engine - INFO - ======================================================================
2026-04-15 21:05:31,012 - PMO_Engine - INFO - 📊 Checking data sources...
2026-04-15 21:05:31,012 - PMO_Engine - INFO -   ✅ Found: projects.csv
2026-04-15 21:05:31,012 - PMO_Engine - INFO -   ✅ Found: project_status.csv
2026-04-15 21:05:31,012 - PMO_Engine - INFO -   ✅ Found: dados_pmo_segunda.csv
2026-04-15 21:05:31,012 - PMO_Engine - INFO - ✅ Data validation passed (3 sources found)
2026-04-15 21:05:31,025 - PMO_Engine - WARNING - Latest visualizer versions not found, using fallback...
2026-04-15 21:05:31,025 - PMO_Engine - WARNING - ⚠️ Visualizer module not available
2026-04-15 21:05:31,025 - PMO_Engine - INFO - ✅ Visualization generation completed
2026-04-15 21:05:31,032 - PMO_Engine - INFO - ======================================================================

2026-04-15 21:06:40,036 - PMO_Engine - INFO - 
======================================================================
2026-04-15 21:06:40,036 - PMO_Engine - INFO - 📊 GENERATING VISUALIZATIONS
2026-04-15 21:06:40,036 - PMO_Engine - INFO - ======================================================================
2026-04-15 21:06:40,036 - PMO_Engine - INFO - 📊 Checking data sources...
2026-04-15 21:06:40,036 - PMO_Engine - INFO -   ✅ Found: projects.csv
2026-04-15 21:06:40,036 - PMO_Engine - INFO -   ✅ Found: project_status.csv
2026-04-15 21:06:40,036 - PMO_Engine - INFO -   ✅ Found: dados_pmo_segunda.csv
2026-04-15 21:06:40,036 - PMO_Engine - INFO - ✅ Data validation passed (3 sources found)
2026-04-15 21:06:40,047 - PMO_Engine - WARNING - Latest visualizer versions not found, using fallback...
2026-04-15 21:06:40,047 - PMO_Engine - WARNING - ⚠️ Visualizer module not available
2026-04-15 21:06:40,047 - PMO_Engine - INFO - ✅ Visualization generation completed
2026-04-15 21:06:40,047 - PMO_Engine - INFO - ======================================================================

2026-04-15 21:06:45,945 - PMO_Engine - INFO - 👋 Shutting down PMO Engine...
2026-04-15 21:06:45,954 - PMO_Engine - INFO - End Time: 2026-04-15 21:06:45
